<?xml version="1.0" encoding="UTF-8"?>
<!-- Generated by org.testng.reporters.JUnitReportReporter -->
<testsuite hostname="LAPTOP-4JU3AA93" failures="0" tests="2" name="learnExcel.ExcelLearning" time="8.273" errors="0" timestamp="2021-08-10T11:15:57 IST" skipped="0">
  <testcase classname="learnExcel.ExcelLearning" name="demoSite" time="4.601"/>
  <system-out/>
  <testcase classname="learnExcel.ExcelLearning" name="demoSite" time="3.672"/>
  <system-out/>
</testsuite> <!-- learnExcel.ExcelLearning -->
