<?xml version="1.0" encoding="UTF-8"?>
<!-- Generated by org.testng.reporters.JUnitReportReporter -->
<testsuite hostname="LAPTOP-4JU3AA93" failures="0" tests="6" name="learnTestNG.LearnTestNG" time="0.027" errors="0" timestamp="2021-08-09T16:30:34 IST" skipped="0">
  <testcase classname="learnTestNG.LearnTestNG" name="Gadi" time="0.017"/>
  <system-out/>
  <testcase classname="learnTestNG.LearnTestNG" name="Lorry" time="0.001"/>
  <system-out/>
  <testcase classname="learnTestNG.LearnTestNG" name="train" time="0.002"/>
  <system-out/>
  <testcase classname="learnTestNG.LearnTestNG" name="Bike" time="0.001"/>
  <system-out/>
  <testcase classname="learnTestNG.LearnTestNG" name="Bus" time="0.002"/>
  <system-out/>
  <testcase classname="learnTestNG.LearnTestNG" name="Vehicle" time="0.004"/>
  <system-out/>
</testsuite> <!-- learnTestNG.LearnTestNG -->
