<?xml version="1.0" encoding="UTF-8"?>
<!-- Generated by org.testng.reporters.JUnitReportReporter -->
<testsuite skipped="0" hostname="CDC2-L-JDW2GW2" name="runner.TestHonda" tests="1" failures="0" timestamp="2020-11-10T16:20:37 IST" time="12.049" errors="0">
  <testcase name="runScenario" time="12.049" classname="runner.TestHonda"/>
  <system-out/>
</testsuite> <!-- runner.TestHonda -->
