<?xml version="1.0" encoding="UTF-8"?>
<!-- Generated by org.testng.reporters.JUnitReportReporter -->
<testsuite hostname="LAPTOP-4JU3AA93" failures="0" tests="1" name="learnJava.LearnExceptions" time="25.998" errors="0" timestamp="2021-08-08T21:39:43 IST" skipped="0">
  <testcase classname="learnJava.LearnExceptions" name="m2" time="25.998"/>
  <system-out/>
</testsuite> <!-- learnJava.LearnExceptions -->
