<?xml version="1.0" encoding="UTF-8"?>
<!-- Generated by org.testng.reporters.JUnitReportReporter -->
<testsuite hostname="LAPTOP-4JU3AA93" failures="0" tests="1" name="learnTestNG.EasyCoding" time="0.283" errors="0" timestamp="2021-08-09T16:34:07 IST" skipped="0">
  <testcase classname="learnTestNG.EasyCoding" name="MainTest" time="0.283"/>
  <system-out/>
</testsuite> <!-- learnTestNG.EasyCoding -->
