<?xml version="1.0" encoding="UTF-8"?>
<!-- Generated by org.testng.reporters.JUnitReportReporter -->
<testsuite hostname="LAPTOP-4JU3AA93" failures="0" tests="1" name="learnTestNG.selectCountry" time="6.889" errors="0" timestamp="2021-08-09T16:34:07 IST" skipped="0">
  <testcase classname="learnTestNG.selectCountry" name="m1" time="6.889"/>
  <system-out/>
</testsuite> <!-- learnTestNG.selectCountry -->
