<?xml version="1.0" encoding="UTF-8"?>
<!-- Generated by org.testng.reporters.JUnitReportReporter -->
<testsuite hostname="LAPTOP-4JU3AA93" failures="0" tests="1" name="learnJava.LearnSet" time="0.002" errors="0" timestamp="2021-08-08T19:25:08 IST" skipped="0">
  <testcase classname="learnJava.LearnSet" name="main" time="0.002"/>
  <system-out/>
</testsuite> <!-- learnJava.LearnSet -->
