<?xml version="1.0" encoding="UTF-8"?>
<!-- Generated by org.testng.reporters.JUnitReportReporter -->
<testsuite hostname="LAPTOP-4JU3AA93" failures="0" tests="1" name="learnJava.Operators" time="0.007" errors="0" timestamp="2021-08-08T19:25:08 IST" skipped="0">
  <testcase classname="learnJava.Operators" name="main" time="0.007"/>
  <system-out/>
</testsuite> <!-- learnJava.Operators -->
