<?xml version="1.0" encoding="UTF-8"?>
<!-- Generated by org.testng.reporters.JUnitReportReporter -->
<testsuite hostname="LAPTOP-4JU3AA93" failures="0" tests="1" name="selDay1.EasyCode" time="6.870" errors="0" timestamp="2021-08-08T21:39:43 IST" skipped="0">
  <testcase classname="selDay1.EasyCode" name="M1" time="6.870"/>
  <system-out/>
</testsuite> <!-- selDay1.EasyCode -->
